<3>[20150209-15:10:30.476] pid[22507]: main.cc(23)[_dump_conf]: [server_ip]: 192.168.100.154
<3>[20150209-15:10:30.476] pid[22507]: main.cc(24)[_dump_conf]: [server_port]: 8700
<3>[20150209-15:10:30.476] pid[22507]: main.cc(25)[_dump_conf]: [redis_ip]: 192.168.100.167
<3>[20150209-15:10:30.476] pid[22507]: main.cc(26)[_dump_conf]: [redis_port]: 4501
<3>[20150209-15:10:30.476] pid[22507]: main.cc(27)[_dump_conf]: [redis_key]: CONFIG_Q
<3>[20150209-15:10:30.476] pid[22507]: main.cc(28)[_dump_conf]: [mysql_ip]: 192.168.100.167
<3>[20150209-15:10:30.476] pid[22507]: main.cc(29)[_dump_conf]: [mysql_port]: 3388
<3>[20150209-15:10:30.476] pid[22507]: main.cc(30)[_dump_conf]: [mysql_db]: order
<3>[20150209-15:10:30.476] pid[22507]: main.cc(31)[_dump_conf]: [mysql_username]: root
<3>[20150209-15:10:30.476] pid[22507]: main.cc(32)[_dump_conf]: [mysql_password]: 
<3>[20150209-15:10:30.476] pid[22507]: main.cc(33)[_dump_conf]: [client_id]: 1001
<3>[20150209-15:10:30.481] pid[22508]: TcpClient.cc(83)[Socket]: --------CTcpClient::Socket begin --------
<3>[20150209-15:10:30.481] pid[22508]: TcpClient.cc(84)[Socket]: old_socket: 0
<3>[20150209-15:10:30.481] pid[22508]: TcpClient.cc(91)[Socket]: new_socket: 4
<3>[20150209-15:10:30.481] pid[22508]: TcpClient.cc(92)[Socket]: --------CTcpClient::Socket end 0 --------
<3>[20150209-15:10:30.481] pid[22508]: TcpClient.cc(100)[Connect]: --------CTcpClient::Connect begin --------
<3>[20150209-15:10:30.481] pid[22508]: TcpClient.cc(119)[Connect]: --------CTcpClient::Connect end --------
<3>[20150209-15:10:30.492] pid[22508]: order_sync_client.cc(99)[run]: JSON: {"sql":"INSERT INTO paycenter_apps(`appid`,`sappid`,`sappsecret`,`sid`,`appname`,`apppaykey`,`apppaycgi`,`platjson`,`gameid`,`langid`,`bpid`,`childid`,`sortid`,`tag`,`status`,`etime`,`use_status`) VALUES('6','','','1','\u6d4b\u8bd5\u5e94\u752800','androidsina*2012316_*@boyaa','http:\/\/kxllsp01.ifere.com\/xx-landlord\/application\/api.php?m=payment&p=androidpay','','2','8','B48540EC52F5BBDEBB5D9910EFF40909','','','1','2','1423463533','0') ON DUPLICATE KEY UPDATE  `appid`=VALUES(`appid`), `sappid`=VALUES(`sappid`), `sappsecret`=VALUES(`sappsecret`), `sid`=VALUES(`sid`), `appname`=VALUES(`appname`), `apppaykey`=VALUES(`apppaykey`), `apppaycgi`=VALUES(`apppaycgi`), `platjson`=VALUES(`platjson`), `gameid`=VALUES(`gameid`), `langid`=VALUES(`langid`), `bpid`=VALUES(`bpid`), `childid`=VALUES(`childid`), `sortid`=VALUES(`sortid`), `tag`=VALUES(`tag`), `status`=VALUES(`status`), `etime`=VALUES(`etime`), `use_status`=VALUES(`use_status`)","stime":1423463533}
<3>[20150209-15:10:30.492] pid[22508]: order_sync_client.cc(109)[run]: SEND: 979
<3>[20150209-15:10:30.506] pid[22508]: order_sync_client.cc(99)[run]: JSON: {"sql":"INSERT INTO paycenter_apps(`appid`,`sappid`,`sappsecret`,`sid`,`appname`,`apppaykey`,`apppaycgi`,`platjson`,`gameid`,`langid`,`bpid`,`childid`,`sortid`,`tag`,`status`,`etime`,`use_status`) VALUES('6','','','1','\u6d4b\u8bd5\u5e94\u752800','androidsina*2012316_*@boyaa','http:\/\/kxllsp01.ifere.com\/xx-landlord\/application\/api.php?m=payment&p=androidpay','','2','8','B48540EC52F5BBDEBB5D9910EFF40909','','','1','2','1423464100','0') ON DUPLICATE KEY UPDATE  `appid`=VALUES(`appid`), `sappid`=VALUES(`sappid`), `sappsecret`=VALUES(`sappsecret`), `sid`=VALUES(`sid`), `appname`=VALUES(`appname`), `apppaykey`=VALUES(`apppaykey`), `apppaycgi`=VALUES(`apppaycgi`), `platjson`=VALUES(`platjson`), `gameid`=VALUES(`gameid`), `langid`=VALUES(`langid`), `bpid`=VALUES(`bpid`), `childid`=VALUES(`childid`), `sortid`=VALUES(`sortid`), `tag`=VALUES(`tag`), `status`=VALUES(`status`), `etime`=VALUES(`etime`), `use_status`=VALUES(`use_status`)","stime":1423464100}
<3>[20150209-15:10:30.506] pid[22508]: order_sync_client.cc(109)[run]: SEND: 979
<3>[20150209-15:10:30.519] pid[22508]: order_sync_client.cc(99)[run]: JSON: {"sql":"INSERT INTO paycenter_apps(`sid`,`appname`,`apppaykey`,`apppaycgi`,`platjson`,`bpid`,`sortid`,`gameid`,`langid`,`appid`) VALUES('1','\u6d4b\u8bd5\u5e94\u7528001','androidsina*2012316_*@boyaa','http:\/\/kxllsp01.ifere.com\/xx-landlord\/application\/api.php?m=payment&p=androidpay','','B48540EC52F5BBDEBB5D9910EFF40909','','1','1','30')","stime":1423465774}
<3>[20150209-15:10:30.519] pid[22508]: order_sync_client.cc(109)[run]: SEND: 380
<3>[20150209-15:10:30.531] pid[22508]: order_sync_client.cc(99)[run]: JSON: {"sql":"INSERT INTO paycenter_apps(`appid`,`sappid`,`sappsecret`,`sid`,`appname`,`apppaykey`,`apppaycgi`,`platjson`,`gameid`,`langid`,`bpid`,`childid`,`sortid`,`tag`,`status`,`etime`,`use_status`) VALUES('6','','','1','\u6d4b\u8bd5\u5e94\u752800','androidsina*2012316_*@boyaa','http:\/\/kxllsp01.ifere.com\/xx-landlord\/application\/api.php?m=payment&p=androidpay','','2','8','B48540EC52F5BBDEBB5D9910EFF40909','','','1','2','1423465810','0') ON DUPLICATE KEY UPDATE  `appid`=VALUES(`appid`), `sappid`=VALUES(`sappid`), `sappsecret`=VALUES(`sappsecret`), `sid`=VALUES(`sid`), `appname`=VALUES(`appname`), `apppaykey`=VALUES(`apppaykey`), `apppaycgi`=VALUES(`apppaycgi`), `platjson`=VALUES(`platjson`), `gameid`=VALUES(`gameid`), `langid`=VALUES(`langid`), `bpid`=VALUES(`bpid`), `childid`=VALUES(`childid`), `sortid`=VALUES(`sortid`), `tag`=VALUES(`tag`), `status`=VALUES(`status`), `etime`=VALUES(`etime`), `use_status`=VALUES(`use_status`)","stime":1423465810}
<3>[20150209-15:10:30.531] pid[22508]: order_sync_client.cc(109)[run]: SEND: 979
<3>[20150209-15:10:30.544] pid[22508]: order_sync_client.cc(99)[run]: JSON: {"sql":"INSERT INTO paycenter_apps(`appid`,`sappid`,`sappsecret`,`sid`,`appname`,`apppaykey`,`apppaycgi`,`platjson`,`gameid`,`langid`,`bpid`,`childid`,`sortid`,`tag`,`status`,`etime`,`use_status`) VALUES('30','','','1','\u6d4b\u8bd5\u5e94\u7528001','androidsina*2012316_*@boyaa','http:\/\/kxllsp01.ifere.com\/xx-landlord\/application\/api.php?m=payment&p=androidpay','','1','1','B48540EC52F5BBDEBB5D9910EFF40909','','','1','2','1423465827','0') ON DUPLICATE KEY UPDATE  `appid`=VALUES(`appid`), `sappid`=VALUES(`sappid`), `sappsecret`=VALUES(`sappsecret`), `sid`=VALUES(`sid`), `appname`=VALUES(`appname`), `apppaykey`=VALUES(`apppaykey`), `apppaycgi`=VALUES(`apppaycgi`), `platjson`=VALUES(`platjson`), `gameid`=VALUES(`gameid`), `langid`=VALUES(`langid`), `bpid`=VALUES(`bpid`), `childid`=VALUES(`childid`), `sortid`=VALUES(`sortid`), `tag`=VALUES(`tag`), `status`=VALUES(`status`), `etime`=VALUES(`etime`), `use_status`=VALUES(`use_status`)","stime":1423465827}
<3>[20150209-15:10:30.544] pid[22508]: order_sync_client.cc(109)[run]: SEND: 981
<3>[20150209-15:12:00.666] pid[22508]: order_sync_client.cc(99)[run]: JSON: {"sql":"INSERT INTO paycenter_chanel(`sid`,`pmodename`,`unit`,`rate`,`companyid`,`tag`,`statid`,`statname`,`pmode`) VALUES('1','\u6d4b\u8bd5\u652f\u4ed8001','HKD','0.9','1005','1','','\u6d4b\u8bd5\u652f\u4ed8001','31')","stime":1423465921}
<3>[20150209-15:12:00.666] pid[22508]: order_sync_client.cc(109)[run]: SEND: 256
<1>[20150209-16:12:00.667] pid[22508]: order_sync_client.cc(77)[run]: Tcp connection closed.
<3>[20150209-16:12:01.669] pid[22508]: TcpClient.cc(128)[Reconnect]: --------CTcpClient::Reconnect begin --------
<3>[20150209-16:12:01.669] pid[22508]: TcpClient.cc(83)[Socket]: --------CTcpClient::Socket begin --------
<3>[20150209-16:12:01.669] pid[22508]: TcpClient.cc(84)[Socket]: old_socket: 4
<3>[20150209-16:12:01.669] pid[22508]: TcpClient.cc(91)[Socket]: new_socket: 4
<3>[20150209-16:12:01.669] pid[22508]: TcpClient.cc(92)[Socket]: --------CTcpClient::Socket end 0 --------
<3>[20150209-16:12:01.669] pid[22508]: TcpClient.cc(136)[Reconnect]: --------CTcpClient::Reconnect end --------
<3>[20150209-16:12:01.669] pid[22508]: TcpClient.cc(100)[Connect]: --------CTcpClient::Connect begin --------
<3>[20150209-16:12:01.669] pid[22508]: TcpClient.cc(119)[Connect]: --------CTcpClient::Connect end --------
